mode: set
github.com/Sicofonia/awesome-api/main.go:13.13,15.43 2 0
github.com/Sicofonia/awesome-api/main.go:18.2,20.57 2 0
github.com/Sicofonia/awesome-api/main.go:15.43,17.3 1 0
github.com/Sicofonia/awesome-api/main.go:23.32,29.2 4 0
github.com/Sicofonia/awesome-api/main.go:31.65,34.2 2 0
github.com/Sicofonia/awesome-api/main.go:36.59,40.25 4 1
github.com/Sicofonia/awesome-api/main.go:48.2,48.16 1 1
github.com/Sicofonia/awesome-api/main.go:51.2,52.56 2 1
github.com/Sicofonia/awesome-api/main.go:41.9,42.12 1 0
github.com/Sicofonia/awesome-api/main.go:43.9,44.23 1 1
github.com/Sicofonia/awesome-api/main.go:45.10,46.39 1 0
github.com/Sicofonia/awesome-api/main.go:48.16,50.3 1 1
